I, [2018-01-05T12:34:38.050911 #13021]  INFO -- default-ubuntu: -----> Converging <default-ubuntu>...
I, [2018-01-05T12:34:38.051488 #13021]  INFO -- default-ubuntu: Preparing files for transfer
I, [2018-01-05T12:34:38.051587 #13021]  INFO -- default-ubuntu: Preparing dna.json
I, [2018-01-05T12:34:38.051807 #13021]  INFO -- default-ubuntu: Resolving cookbook dependencies with Berkshelf 6.3.1...
I, [2018-01-05T12:34:41.817115 #13021]  INFO -- default-ubuntu: Removing non-cookbook files before transfer
I, [2018-01-05T12:34:41.827663 #13021]  INFO -- default-ubuntu: Preparing validation.pem
I, [2018-01-05T12:34:41.828019 #13021]  INFO -- default-ubuntu: Preparing client.rb
I, [2018-01-05T12:34:41.976439 #13021]  INFO -- default-ubuntu: -----> Chef Omnibus installation detected (install only if missing)
I, [2018-01-05T12:34:42.017128 #13021]  INFO -- default-ubuntu: Transferring files to <default-ubuntu>
I, [2018-01-05T12:34:53.724815 #13021]  INFO -- default-ubuntu: Starting Chef Client, version 13.6.4
I, [2018-01-05T12:34:53.989459 #13021]  INFO -- default-ubuntu: [2018-01-05T17:34:53+00:00] WARN: Plugin Network: unable to detect ipaddress
I, [2018-01-05T12:34:53.989557 #13021]  INFO -- default-ubuntu: [2018-01-05T17:34:53+00:00] WARN: Plugin Network: unable to detect ipaddress
I, [2018-01-05T12:34:54.495419 #13021]  INFO -- default-ubuntu: resolving cookbooks for run list: ["workstation::default"]
I, [2018-01-05T12:34:54.807837 #13021]  INFO -- default-ubuntu: Synchronizing Cookbooks:
I, [2018-01-05T12:34:54.811819 #13021]  INFO -- default-ubuntu:   - workstation (0.1.0)
I, [2018-01-05T12:34:54.813573 #13021]  INFO -- default-ubuntu:   - consul-template (0.13.0)
I, [2018-01-05T12:34:54.815609 #13021]  INFO -- default-ubuntu:   - ssh (0.10.24)
I, [2018-01-05T12:34:54.815944 #13021]  INFO -- default-ubuntu:   - libarchive (1.0.0)
I, [2018-01-05T12:34:54.817281 #13021]  INFO -- default-ubuntu:   - golang (1.7.0)
I, [2018-01-05T12:34:54.819497 #13021]  INFO -- default-ubuntu:   - runit (4.0.4)
I, [2018-01-05T12:34:54.820755 #13021]  INFO -- default-ubuntu:   - nssm (4.0.0)
I, [2018-01-05T12:34:54.822233 #13021]  INFO -- default-ubuntu:   - packagecloud (0.3.0)
I, [2018-01-05T12:34:54.823509 #13021]  INFO -- default-ubuntu:   - yum-epel (2.1.2)
I, [2018-01-05T12:34:54.827253 #13021]  INFO -- default-ubuntu:   - windows (3.4.3)
I, [2018-01-05T12:34:54.833201 #13021]  INFO -- default-ubuntu:   - compat_resource (12.19.0)
I, [2018-01-05T12:34:54.833689 #13021]  INFO -- default-ubuntu:   - ohai (5.2.0)
I, [2018-01-05T12:34:54.835135 #13021]  INFO -- default-ubuntu: Installing Cookbook Gems:
I, [2018-01-05T12:34:54.866057 #13021]  INFO -- default-ubuntu: Compiling Cookbooks...
I, [2018-01-05T12:34:54.941383 #13021]  INFO -- default-ubuntu: /tmp/kitchen/cache/cookbooks/packagecloud/resources/repo.rb:10: warning: constant ::Fixnum is deprecated
I, [2018-01-05T12:34:54.952372 #13021]  INFO -- default-ubuntu: /tmp/kitchen/cache/cookbooks/workstation/resources/pip_package.rb:10: warning: toplevel constant Workstation referenced by Chef::Workstation
I, [2018-01-05T12:34:54.965774 #13021]  INFO -- default-ubuntu: Recipe: libarchive::default
I, [2018-01-05T12:34:57.072553 #13021]  INFO -- default-ubuntu:   * apt_package[libarchive-dev] action upgrade
I, [2018-01-05T12:34:57.072826 #13021]  INFO -- default-ubuntu:     
I, [2018-01-05T12:34:57.072976 #13021]  INFO -- default-ubuntu:     ================================================================================
I, [2018-01-05T12:34:57.073901 #13021]  INFO -- default-ubuntu:     Error executing action `upgrade` on resource 'apt_package[libarchive-dev]'
I, [2018-01-05T12:34:57.074744 #13021]  INFO -- default-ubuntu:     ================================================================================
I, [2018-01-05T12:34:57.074901 #13021]  INFO -- default-ubuntu:     
I, [2018-01-05T12:34:57.075910 #13021]  INFO -- default-ubuntu:     Mixlib::ShellOut::ShellCommandFailed
I, [2018-01-05T12:34:57.076635 #13021]  INFO -- default-ubuntu:     ------------------------------------
I, [2018-01-05T12:34:57.077555 #13021]  INFO -- default-ubuntu:     Expected process to exit with [0], but received '100'
I, [2018-01-05T12:34:57.078303 #13021]  INFO -- default-ubuntu:     ---- Begin output of ["apt-get", "-q", "-y", "install", "libarchive-dev=3.1.2-11ubuntu0.16.04.3"] ----
I, [2018-01-05T12:34:57.079195 #13021]  INFO -- default-ubuntu:     STDOUT: Reading package lists...
I, [2018-01-05T12:34:57.079335 #13021]  INFO -- default-ubuntu:     Building dependency tree...
I, [2018-01-05T12:34:57.079459 #13021]  INFO -- default-ubuntu:     Reading state information...
I, [2018-01-05T12:34:57.079578 #13021]  INFO -- default-ubuntu:     The following additional packages will be installed:
I, [2018-01-05T12:34:57.079705 #13021]  INFO -- default-ubuntu:       libarchive13 libicu55 liblzo2-2 libxml2 sgml-base xml-core
I, [2018-01-05T12:34:57.079843 #13021]  INFO -- default-ubuntu:     Suggested packages:
I, [2018-01-05T12:34:57.079958 #13021]  INFO -- default-ubuntu:       lrzip sgml-base-doc debhelper
I, [2018-01-05T12:34:57.080963 #13021]  INFO -- default-ubuntu:     The following NEW packages will be installed:
I, [2018-01-05T12:34:57.081048 #13021]  INFO -- default-ubuntu:       libarchive-dev libarchive13 libicu55 liblzo2-2 libxml2 sgml-base xml-core
I, [2018-01-05T12:34:57.081122 #13021]  INFO -- default-ubuntu:     0 upgraded, 7 newly installed, 0 to remove and 2 not upgraded.
I, [2018-01-05T12:34:57.081191 #13021]  INFO -- default-ubuntu:     Need to get 697 kB/9127 kB of archives.
I, [2018-01-05T12:34:57.081264 #13021]  INFO -- default-ubuntu:     After this operation, 35.6 MB of additional disk space will be used.
I, [2018-01-05T12:34:57.081335 #13021]  INFO -- default-ubuntu:     Err:1 http://security.ubuntu.com/ubuntu xenial-security/main amd64 libxml2 amd64 2.9.3+dfsg1-1ubuntu0.3
I, [2018-01-05T12:34:57.081406 #13021]  INFO -- default-ubuntu:       404  Not Found [IP: 91.189.88.162 80]
I, [2018-01-05T12:34:57.081475 #13021]  INFO -- default-ubuntu:     Err:1 http://security.ubuntu.com/ubuntu xenial-security/main amd64 libxml2 amd64 2.9.3+dfsg1-1ubuntu0.3
I, [2018-01-05T12:34:57.082029 #13021]  INFO -- default-ubuntu:       404  Not Found [IP: 91.189.88.162 80]
I, [2018-01-05T12:34:57.082583 #13021]  INFO -- default-ubuntu:     STDERR: E: Failed to fetch http://security.ubuntu.com/ubuntu/pool/main/libx/libxml2/libxml2_2.9.3+dfsg1-1ubuntu0.3_amd64.deb  404  Not Found [IP: 91.189.88.162 80]
I, [2018-01-05T12:34:57.082666 #13021]  INFO -- default-ubuntu:     
I, [2018-01-05T12:34:57.083228 #13021]  INFO -- default-ubuntu:     E: Unable to fetch some archives, maybe run apt-get update or try with --fix-missing?
I, [2018-01-05T12:34:57.083391 #13021]  INFO -- default-ubuntu:     ---- End output of ["apt-get", "-q", "-y", "install", "libarchive-dev=3.1.2-11ubuntu0.16.04.3"] ----
I, [2018-01-05T12:34:57.083562 #13021]  INFO -- default-ubuntu:     Ran ["apt-get", "-q", "-y", "install", "libarchive-dev=3.1.2-11ubuntu0.16.04.3"] returned 100
I, [2018-01-05T12:34:57.083636 #13021]  INFO -- default-ubuntu:     
I, [2018-01-05T12:34:57.084542 #13021]  INFO -- default-ubuntu:     Cookbook Trace:
I, [2018-01-05T12:34:57.084659 #13021]  INFO -- default-ubuntu:     ---------------
I, [2018-01-05T12:34:57.084744 #13021]  INFO -- default-ubuntu:     /tmp/kitchen/cache/cookbooks/libarchive/recipes/default.rb:11:in `from_file'
I, [2018-01-05T12:34:57.084824 #13021]  INFO -- default-ubuntu:     /tmp/kitchen/cache/cookbooks/consul-template/recipes/install_binary.rb:10:in `from_file'
I, [2018-01-05T12:34:57.084900 #13021]  INFO -- default-ubuntu:     /tmp/kitchen/cache/cookbooks/consul-template/recipes/default.rb:14:in `from_file'
I, [2018-01-05T12:34:57.085546 #13021]  INFO -- default-ubuntu:     /tmp/kitchen/cache/cookbooks/workstation/recipes/default.rb:50:in `from_file'
I, [2018-01-05T12:34:57.085681 #13021]  INFO -- default-ubuntu:     
I, [2018-01-05T12:34:57.085738 #13021]  INFO -- default-ubuntu:     Resource Declaration:
I, [2018-01-05T12:34:57.086330 #13021]  INFO -- default-ubuntu:     ---------------------
I, [2018-01-05T12:34:57.086406 #13021]  INFO -- default-ubuntu:     # In /tmp/kitchen/cache/cookbooks/libarchive/recipes/default.rb
I, [2018-01-05T12:34:57.086467 #13021]  INFO -- default-ubuntu:     
I, [2018-01-05T12:34:57.086514 #13021]  INFO -- default-ubuntu:       8: package node['libarchive']['package_name'] do
I, [2018-01-05T12:34:57.086560 #13021]  INFO -- default-ubuntu:       9:   version node['libarchive']['package_version'] if node['libarchive']['package_version']
I, [2018-01-05T12:34:57.087114 #13021]  INFO -- default-ubuntu:      10:   action :nothing
I, [2018-01-05T12:34:57.087197 #13021]  INFO -- default-ubuntu:      11: end.run_action(:upgrade)
I, [2018-01-05T12:34:57.087254 #13021]  INFO -- default-ubuntu:      12: 
I, [2018-01-05T12:34:57.087306 #13021]  INFO -- default-ubuntu:      13: chef_gem 'ffi-libarchive' do
I, [2018-01-05T12:34:57.087354 #13021]  INFO -- default-ubuntu:      14:   version '~> 0.2.0'
I, [2018-01-05T12:34:57.087401 #13021]  INFO -- default-ubuntu:      15:   compile_time true
I, [2018-01-05T12:34:57.087449 #13021]  INFO -- default-ubuntu:      16: end
I, [2018-01-05T12:34:57.087963 #13021]  INFO -- default-ubuntu:     
I, [2018-01-05T12:34:57.088027 #13021]  INFO -- default-ubuntu:     Compiled Resource:
I, [2018-01-05T12:34:57.088077 #13021]  INFO -- default-ubuntu:     ------------------
I, [2018-01-05T12:34:57.088561 #13021]  INFO -- default-ubuntu:     # Declared in /tmp/kitchen/cache/cookbooks/libarchive/recipes/default.rb:8:in `from_file'
I, [2018-01-05T12:34:57.088620 #13021]  INFO -- default-ubuntu:     
I, [2018-01-05T12:34:57.088671 #13021]  INFO -- default-ubuntu:     apt_package("libarchive-dev") do
I, [2018-01-05T12:34:57.088717 #13021]  INFO -- default-ubuntu:       package_name "libarchive-dev"
I, [2018-01-05T12:34:57.088763 #13021]  INFO -- default-ubuntu:       action [:nothing]
I, [2018-01-05T12:34:57.088815 #13021]  INFO -- default-ubuntu:       default_guard_interpreter :default
I, [2018-01-05T12:34:57.088862 #13021]  INFO -- default-ubuntu:       declared_type :package
I, [2018-01-05T12:34:57.088912 #13021]  INFO -- default-ubuntu:       cookbook_name "libarchive"
I, [2018-01-05T12:34:57.088962 #13021]  INFO -- default-ubuntu:       recipe_name "default"
I, [2018-01-05T12:34:57.089013 #13021]  INFO -- default-ubuntu:     end
I, [2018-01-05T12:34:57.089060 #13021]  INFO -- default-ubuntu:     
I, [2018-01-05T12:34:57.089633 #13021]  INFO -- default-ubuntu:     System Info:
I, [2018-01-05T12:34:57.089988 #13021]  INFO -- default-ubuntu:     ------------
I, [2018-01-05T12:34:57.090049 #13021]  INFO -- default-ubuntu:     chef_version=13.6.4
I, [2018-01-05T12:34:57.090087 #13021]  INFO -- default-ubuntu:     platform=ubuntu
I, [2018-01-05T12:34:57.090165 #13021]  INFO -- default-ubuntu:     platform_version=16.04
I, [2018-01-05T12:34:57.090203 #13021]  INFO -- default-ubuntu:     ruby=ruby 2.4.2p198 (2017-09-14 revision 59899) [x86_64-linux]
I, [2018-01-05T12:34:57.090241 #13021]  INFO -- default-ubuntu:     program_name=chef-client worker: ppid=326;start=17:34:53;
I, [2018-01-05T12:34:57.090278 #13021]  INFO -- default-ubuntu:     executable=/opt/chef/bin/chef-client
I, [2018-01-05T12:34:57.090311 #13021]  INFO -- default-ubuntu:     
I, [2018-01-05T12:34:57.090689 #13021]  INFO -- default-ubuntu:   
I, [2018-01-05T12:34:57.090947 #13021]  INFO -- default-ubuntu:   ================================================================================
I, [2018-01-05T12:34:57.090991 #13021]  INFO -- default-ubuntu:   Recipe Compile Error in /tmp/kitchen/cache/cookbooks/workstation/recipes/default.rb
I, [2018-01-05T12:34:57.091184 #13021]  INFO -- default-ubuntu:   ================================================================================
I, [2018-01-05T12:34:57.091375 #13021]  INFO -- default-ubuntu:   
I, [2018-01-05T12:34:57.091545 #13021]  INFO -- default-ubuntu:   Mixlib::ShellOut::ShellCommandFailed
I, [2018-01-05T12:34:57.091708 #13021]  INFO -- default-ubuntu:   ------------------------------------
I, [2018-01-05T12:34:57.092036 #13021]  INFO -- default-ubuntu:   apt_package[libarchive-dev] (libarchive::default line 8) had an error: Mixlib::ShellOut::ShellCommandFailed: Expected process to exit with [0], but received '100'
I, [2018-01-05T12:34:57.092251 #13021]  INFO -- default-ubuntu:   ---- Begin output of ["apt-get", "-q", "-y", "install", "libarchive-dev=3.1.2-11ubuntu0.16.04.3"] ----
I, [2018-01-05T12:34:57.092293 #13021]  INFO -- default-ubuntu:   STDOUT: Reading package lists...
I, [2018-01-05T12:34:57.092515 #13021]  INFO -- default-ubuntu:   Building dependency tree...
I, [2018-01-05T12:34:57.092556 #13021]  INFO -- default-ubuntu:   Reading state information...
I, [2018-01-05T12:34:57.092821 #13021]  INFO -- default-ubuntu:   The following additional packages will be installed:
I, [2018-01-05T12:34:57.093042 #13021]  INFO -- default-ubuntu:     libarchive13 libicu55 liblzo2-2 libxml2 sgml-base xml-core
I, [2018-01-05T12:34:57.093087 #13021]  INFO -- default-ubuntu:   Suggested packages:
I, [2018-01-05T12:34:57.093318 #13021]  INFO -- default-ubuntu:     lrzip sgml-base-doc debhelper
I, [2018-01-05T12:34:57.093498 #13021]  INFO -- default-ubuntu:   The following NEW packages will be installed:
I, [2018-01-05T12:34:57.093540 #13021]  INFO -- default-ubuntu:     libarchive-dev libarchive13 libicu55 liblzo2-2 libxml2 sgml-base xml-core
I, [2018-01-05T12:34:57.093772 #13021]  INFO -- default-ubuntu:   0 upgraded, 7 newly installed, 0 to remove and 2 not upgraded.
I, [2018-01-05T12:34:57.093989 #13021]  INFO -- default-ubuntu:   Need to get 697 kB/9127 kB of archives.
I, [2018-01-05T12:34:57.094031 #13021]  INFO -- default-ubuntu:   After this operation, 35.6 MB of additional disk space will be used.
I, [2018-01-05T12:34:57.094292 #13021]  INFO -- default-ubuntu:   Err:1 http://security.ubuntu.com/ubuntu xenial-security/main amd64 libxml2 amd64 2.9.3+dfsg1-1ubuntu0.3
I, [2018-01-05T12:34:57.094506 #13021]  INFO -- default-ubuntu:     404  Not Found [IP: 91.189.88.162 80]
I, [2018-01-05T12:34:57.094732 #13021]  INFO -- default-ubuntu:   Err:1 http://security.ubuntu.com/ubuntu xenial-security/main amd64 libxml2 amd64 2.9.3+dfsg1-1ubuntu0.3
I, [2018-01-05T12:34:57.094775 #13021]  INFO -- default-ubuntu:     404  Not Found [IP: 91.189.88.162 80]
I, [2018-01-05T12:34:57.094989 #13021]  INFO -- default-ubuntu:   STDERR: E: Failed to fetch http://security.ubuntu.com/ubuntu/pool/main/libx/libxml2/libxml2_2.9.3+dfsg1-1ubuntu0.3_amd64.deb  404  Not Found [IP: 91.189.88.162 80]
I, [2018-01-05T12:34:57.095195 #13021]  INFO -- default-ubuntu:   
I, [2018-01-05T12:34:57.095473 #13021]  INFO -- default-ubuntu:   E: Unable to fetch some archives, maybe run apt-get update or try with --fix-missing?
I, [2018-01-05T12:34:57.095516 #13021]  INFO -- default-ubuntu:   ---- End output of ["apt-get", "-q", "-y", "install", "libarchive-dev=3.1.2-11ubuntu0.16.04.3"] ----
I, [2018-01-05T12:34:57.095750 #13021]  INFO -- default-ubuntu:   Ran ["apt-get", "-q", "-y", "install", "libarchive-dev=3.1.2-11ubuntu0.16.04.3"] returned 100
I, [2018-01-05T12:34:57.095935 #13021]  INFO -- default-ubuntu:   
I, [2018-01-05T12:34:57.096156 #13021]  INFO -- default-ubuntu:   Cookbook Trace:
I, [2018-01-05T12:34:57.096489 #13021]  INFO -- default-ubuntu:   ---------------
I, [2018-01-05T12:34:57.096525 #13021]  INFO -- default-ubuntu:     /tmp/kitchen/cache/cookbooks/libarchive/recipes/default.rb:11:in `from_file'
I, [2018-01-05T12:34:57.096558 #13021]  INFO -- default-ubuntu:     /tmp/kitchen/cache/cookbooks/consul-template/recipes/install_binary.rb:10:in `from_file'
I, [2018-01-05T12:34:57.096590 #13021]  INFO -- default-ubuntu:     /tmp/kitchen/cache/cookbooks/consul-template/recipes/default.rb:14:in `from_file'
I, [2018-01-05T12:34:57.096622 #13021]  INFO -- default-ubuntu:     /tmp/kitchen/cache/cookbooks/workstation/recipes/default.rb:50:in `from_file'
I, [2018-01-05T12:34:57.096654 #13021]  INFO -- default-ubuntu:   
I, [2018-01-05T12:34:57.096686 #13021]  INFO -- default-ubuntu:   Relevant File Content:
I, [2018-01-05T12:34:57.096718 #13021]  INFO -- default-ubuntu:   ----------------------
I, [2018-01-05T12:34:57.096748 #13021]  INFO -- default-ubuntu:   /tmp/kitchen/cache/cookbooks/libarchive/recipes/default.rb:
I, [2018-01-05T12:34:57.097019 #13021]  INFO -- default-ubuntu:   
I, [2018-01-05T12:34:57.097052 #13021]  INFO -- default-ubuntu:     4:  #
I, [2018-01-05T12:34:57.097244 #13021]  INFO -- default-ubuntu:     5:  # Author:: Jamie Winsor (<jamie@vialstudios.com>)
I, [2018-01-05T12:34:57.097277 #13021]  INFO -- default-ubuntu:     6:  #
I, [2018-01-05T12:34:57.097307 #13021]  INFO -- default-ubuntu:     7:  
I, [2018-01-05T12:34:57.097336 #13021]  INFO -- default-ubuntu:     8:  package node['libarchive']['package_name'] do
I, [2018-01-05T12:34:57.097538 #13021]  INFO -- default-ubuntu:     9:    version node['libarchive']['package_version'] if node['libarchive']['package_version']
I, [2018-01-05T12:34:57.097685 #13021]  INFO -- default-ubuntu:    10:    action :nothing
I, [2018-01-05T12:34:57.097719 #13021]  INFO -- default-ubuntu:    11>> end.run_action(:upgrade)
I, [2018-01-05T12:34:57.097882 #13021]  INFO -- default-ubuntu:    12:  
I, [2018-01-05T12:34:57.097915 #13021]  INFO -- default-ubuntu:    13:  chef_gem 'ffi-libarchive' do
I, [2018-01-05T12:34:57.098078 #13021]  INFO -- default-ubuntu:    14:    version '~> 0.2.0'
I, [2018-01-05T12:34:57.098259 #13021]  INFO -- default-ubuntu:    15:    compile_time true
I, [2018-01-05T12:34:57.098404 #13021]  INFO -- default-ubuntu:    16:  end
I, [2018-01-05T12:34:57.098554 #13021]  INFO -- default-ubuntu:    17:  
I, [2018-01-05T12:34:57.098728 #13021]  INFO -- default-ubuntu:   
I, [2018-01-05T12:34:57.098904 #13021]  INFO -- default-ubuntu:   System Info:
I, [2018-01-05T12:34:57.099073 #13021]  INFO -- default-ubuntu:   ------------
I, [2018-01-05T12:34:57.099240 #13021]  INFO -- default-ubuntu:   chef_version=13.6.4
I, [2018-01-05T12:34:57.099401 #13021]  INFO -- default-ubuntu:   platform=ubuntu
I, [2018-01-05T12:34:57.099594 #13021]  INFO -- default-ubuntu:   platform_version=16.04
I, [2018-01-05T12:34:57.099792 #13021]  INFO -- default-ubuntu:   ruby=ruby 2.4.2p198 (2017-09-14 revision 59899) [x86_64-linux]
I, [2018-01-05T12:34:57.100030 #13021]  INFO -- default-ubuntu:   program_name=chef-client worker: ppid=326;start=17:34:53;
I, [2018-01-05T12:34:57.100206 #13021]  INFO -- default-ubuntu:   executable=/opt/chef/bin/chef-client
I, [2018-01-05T12:34:57.100434 #13021]  INFO -- default-ubuntu:   
I, [2018-01-05T12:34:57.100612 #13021]  INFO -- default-ubuntu:   
I, [2018-01-05T12:34:57.100812 #13021]  INFO -- default-ubuntu:   Running handlers:
I, [2018-01-05T12:34:57.100976 #13021]  INFO -- default-ubuntu: [2018-01-05T17:34:57+00:00] ERROR: Running exception handlers
I, [2018-01-05T12:34:57.101121 #13021]  INFO -- default-ubuntu: [2018-01-05T17:34:57+00:00] ERROR: Running exception handlers
I, [2018-01-05T12:34:57.101322 #13021]  INFO -- default-ubuntu:   Running handlers complete
I, [2018-01-05T12:34:57.101500 #13021]  INFO -- default-ubuntu: [2018-01-05T17:34:57+00:00] ERROR: Exception handlers complete
I, [2018-01-05T12:34:57.101535 #13021]  INFO -- default-ubuntu: [2018-01-05T17:34:57+00:00] ERROR: Exception handlers complete
I, [2018-01-05T12:34:57.101776 #13021]  INFO -- default-ubuntu:   Chef Client failed. 0 resources updated in 03 seconds
I, [2018-01-05T12:34:57.101935 #13021]  INFO -- default-ubuntu: [2018-01-05T17:34:57+00:00] FATAL: Stacktrace dumped to /tmp/kitchen/cache/chef-stacktrace.out
I, [2018-01-05T12:34:57.102192 #13021]  INFO -- default-ubuntu: [2018-01-05T17:34:57+00:00] FATAL: Stacktrace dumped to /tmp/kitchen/cache/chef-stacktrace.out
I, [2018-01-05T12:34:57.102223 #13021]  INFO -- default-ubuntu: [2018-01-05T17:34:57+00:00] FATAL: Please provide the contents of the stacktrace.out file if you file a bug report
I, [2018-01-05T12:34:57.102250 #13021]  INFO -- default-ubuntu: [2018-01-05T17:34:57+00:00] FATAL: Please provide the contents of the stacktrace.out file if you file a bug report
I, [2018-01-05T12:34:57.103246 #13021]  INFO -- default-ubuntu: [2018-01-05T17:34:57+00:00] ERROR: apt_package[libarchive-dev] (libarchive::default line 8) had an error: Mixlib::ShellOut::ShellCommandFailed: Expected process to exit with [0], but received '100'
I, [2018-01-05T12:34:57.103303 #13021]  INFO -- default-ubuntu: ---- Begin output of ["apt-get", "-q", "-y", "install", "libarchive-dev=3.1.2-11ubuntu0.16.04.3"] ----
I, [2018-01-05T12:34:57.103334 #13021]  INFO -- default-ubuntu: STDOUT: Reading package lists...
I, [2018-01-05T12:34:57.103370 #13021]  INFO -- default-ubuntu: Building dependency tree...
I, [2018-01-05T12:34:57.103396 #13021]  INFO -- default-ubuntu: Reading state information...
I, [2018-01-05T12:34:57.103424 #13021]  INFO -- default-ubuntu: The following additional packages will be installed:
I, [2018-01-05T12:34:57.103450 #13021]  INFO -- default-ubuntu:   libarchive13 libicu55 liblzo2-2 libxml2 sgml-base xml-core
I, [2018-01-05T12:34:57.103478 #13021]  INFO -- default-ubuntu: Suggested packages:
I, [2018-01-05T12:34:57.103507 #13021]  INFO -- default-ubuntu:   lrzip sgml-base-doc debhelper
I, [2018-01-05T12:34:57.103534 #13021]  INFO -- default-ubuntu: The following NEW packages will be installed:
I, [2018-01-05T12:34:57.103561 #13021]  INFO -- default-ubuntu:   libarchive-dev libarchive13 libicu55 liblzo2-2 libxml2 sgml-base xml-core
I, [2018-01-05T12:34:57.103589 #13021]  INFO -- default-ubuntu: 0 upgraded, 7 newly installed, 0 to remove and 2 not upgraded.
I, [2018-01-05T12:34:57.103617 #13021]  INFO -- default-ubuntu: Need to get 697 kB/9127 kB of archives.
I, [2018-01-05T12:34:57.103644 #13021]  INFO -- default-ubuntu: After this operation, 35.6 MB of additional disk space will be used.
I, [2018-01-05T12:34:57.103672 #13021]  INFO -- default-ubuntu: Err:1 http://security.ubuntu.com/ubuntu xenial-security/main amd64 libxml2 amd64 2.9.3+dfsg1-1ubuntu0.3
I, [2018-01-05T12:34:57.103699 #13021]  INFO -- default-ubuntu:   404  Not Found [IP: 91.189.88.162 80]
I, [2018-01-05T12:34:57.103749 #13021]  INFO -- default-ubuntu: Err:1 http://security.ubuntu.com/ubuntu xenial-security/main amd64 libxml2 amd64 2.9.3+dfsg1-1ubuntu0.3
I, [2018-01-05T12:34:57.103777 #13021]  INFO -- default-ubuntu:   404  Not Found [IP: 91.189.88.162 80]
I, [2018-01-05T12:34:57.103804 #13021]  INFO -- default-ubuntu: STDERR: E: Failed to fetch http://security.ubuntu.com/ubuntu/pool/main/libx/libxml2/libxml2_2.9.3+dfsg1-1ubuntu0.3_amd64.deb  404  Not Found [IP: 91.189.88.162 80]
I, [2018-01-05T12:34:57.103833 #13021]  INFO -- default-ubuntu: 
I, [2018-01-05T12:34:57.103859 #13021]  INFO -- default-ubuntu: E: Unable to fetch some archives, maybe run apt-get update or try with --fix-missing?
I, [2018-01-05T12:34:57.103886 #13021]  INFO -- default-ubuntu: ---- End output of ["apt-get", "-q", "-y", "install", "libarchive-dev=3.1.2-11ubuntu0.16.04.3"] ----
I, [2018-01-05T12:34:57.103913 #13021]  INFO -- default-ubuntu: Ran ["apt-get", "-q", "-y", "install", "libarchive-dev=3.1.2-11ubuntu0.16.04.3"] returned 100
I, [2018-01-05T12:34:57.103940 #13021]  INFO -- default-ubuntu: [2018-01-05T17:34:57+00:00] ERROR: apt_package[libarchive-dev] (libarchive::default line 8) had an error: Mixlib::ShellOut::ShellCommandFailed: Expected process to exit with [0], but received '100'
I, [2018-01-05T12:34:57.103969 #13021]  INFO -- default-ubuntu: ---- Begin output of ["apt-get", "-q", "-y", "install", "libarchive-dev=3.1.2-11ubuntu0.16.04.3"] ----
I, [2018-01-05T12:34:57.103996 #13021]  INFO -- default-ubuntu: STDOUT: Reading package lists...
I, [2018-01-05T12:34:57.104022 #13021]  INFO -- default-ubuntu: Building dependency tree...
I, [2018-01-05T12:34:57.104048 #13021]  INFO -- default-ubuntu: Reading state information...
I, [2018-01-05T12:34:57.104075 #13021]  INFO -- default-ubuntu: The following additional packages will be installed:
I, [2018-01-05T12:34:57.104102 #13021]  INFO -- default-ubuntu:   libarchive13 libicu55 liblzo2-2 libxml2 sgml-base xml-core
I, [2018-01-05T12:34:57.104128 #13021]  INFO -- default-ubuntu: Suggested packages:
I, [2018-01-05T12:34:57.104156 #13021]  INFO -- default-ubuntu:   lrzip sgml-base-doc debhelper
I, [2018-01-05T12:34:57.104182 #13021]  INFO -- default-ubuntu: The following NEW packages will be installed:
I, [2018-01-05T12:34:57.104230 #13021]  INFO -- default-ubuntu:   libarchive-dev libarchive13 libicu55 liblzo2-2 libxml2 sgml-base xml-core
I, [2018-01-05T12:34:57.104256 #13021]  INFO -- default-ubuntu: 0 upgraded, 7 newly installed, 0 to remove and 2 not upgraded.
I, [2018-01-05T12:34:57.104281 #13021]  INFO -- default-ubuntu: Need to get 697 kB/9127 kB of archives.
I, [2018-01-05T12:34:57.104305 #13021]  INFO -- default-ubuntu: After this operation, 35.6 MB of additional disk space will be used.
I, [2018-01-05T12:34:57.104332 #13021]  INFO -- default-ubuntu: Err:1 http://security.ubuntu.com/ubuntu xenial-security/main amd64 libxml2 amd64 2.9.3+dfsg1-1ubuntu0.3
I, [2018-01-05T12:34:57.104358 #13021]  INFO -- default-ubuntu:   404  Not Found [IP: 91.189.88.162 80]
I, [2018-01-05T12:34:57.104383 #13021]  INFO -- default-ubuntu: Err:1 http://security.ubuntu.com/ubuntu xenial-security/main amd64 libxml2 amd64 2.9.3+dfsg1-1ubuntu0.3
I, [2018-01-05T12:34:57.104407 #13021]  INFO -- default-ubuntu:   404  Not Found [IP: 91.189.88.162 80]
I, [2018-01-05T12:34:57.104453 #13021]  INFO -- default-ubuntu: STDERR: E: Failed to fetch http://security.ubuntu.com/ubuntu/pool/main/libx/libxml2/libxml2_2.9.3+dfsg1-1ubuntu0.3_amd64.deb  404  Not Found [IP: 91.189.88.162 80]
I, [2018-01-05T12:34:57.104476 #13021]  INFO -- default-ubuntu: 
I, [2018-01-05T12:34:57.104500 #13021]  INFO -- default-ubuntu: E: Unable to fetch some archives, maybe run apt-get update or try with --fix-missing?
I, [2018-01-05T12:34:57.104526 #13021]  INFO -- default-ubuntu: ---- End output of ["apt-get", "-q", "-y", "install", "libarchive-dev=3.1.2-11ubuntu0.16.04.3"] ----
I, [2018-01-05T12:34:57.104553 #13021]  INFO -- default-ubuntu: Ran ["apt-get", "-q", "-y", "install", "libarchive-dev=3.1.2-11ubuntu0.16.04.3"] returned 100
I, [2018-01-05T12:34:57.118411 #13021]  INFO -- default-ubuntu: [2018-01-05T17:34:57+00:00] FATAL: Chef::Exceptions::ChildConvergeError: Chef run process exited unsuccessfully (exit code 1)
I, [2018-01-05T12:34:57.118478 #13021]  INFO -- default-ubuntu: [2018-01-05T17:34:57+00:00] FATAL: Chef::Exceptions::ChildConvergeError: Chef run process exited unsuccessfully (exit code 1)
E, [2018-01-05T12:34:57.134786 #13021] ERROR -- default-ubuntu: Converge failed on instance <default-ubuntu>.
E, [2018-01-05T12:34:57.134889 #13021] ERROR -- default-ubuntu: ------Exception-------
E, [2018-01-05T12:34:57.134907 #13021] ERROR -- default-ubuntu: Class: Kitchen::ActionFailed
E, [2018-01-05T12:34:57.134920 #13021] ERROR -- default-ubuntu: Message: SSH exited (1) for command: [sh -c '
TEST_KITCHEN="1"; export TEST_KITCHEN
sudo -E /opt/chef/bin/chef-client --local-mode --config /tmp/kitchen/client.rb --log_level auto --force-formatter --no-color --json-attributes /tmp/kitchen/dna.json --chef-zero-port 8889 
']
E, [2018-01-05T12:34:57.134930 #13021] ERROR -- default-ubuntu: ----------------------
E, [2018-01-05T12:34:57.134943 #13021] ERROR -- default-ubuntu: ------Backtrace-------
E, [2018-01-05T12:34:57.134955 #13021] ERROR -- default-ubuntu: /opt/chefdk/embedded/lib/ruby/gems/2.4.0/gems/test-kitchen-1.19.2/lib/kitchen/provisioner/base.rb:83:in `rescue in call'
E, [2018-01-05T12:34:57.134965 #13021] ERROR -- default-ubuntu: /opt/chefdk/embedded/lib/ruby/gems/2.4.0/gems/test-kitchen-1.19.2/lib/kitchen/provisioner/base.rb:86:in `call'
E, [2018-01-05T12:34:57.134974 #13021] ERROR -- default-ubuntu: /opt/chefdk/embedded/lib/ruby/gems/2.4.0/gems/test-kitchen-1.19.2/lib/kitchen/instance.rb:393:in `block in converge_action'
E, [2018-01-05T12:34:57.134983 #13021] ERROR -- default-ubuntu: /opt/chefdk/embedded/lib/ruby/gems/2.4.0/gems/test-kitchen-1.19.2/lib/kitchen/instance.rb:536:in `synchronize_or_call'
E, [2018-01-05T12:34:57.134992 #13021] ERROR -- default-ubuntu: /opt/chefdk/embedded/lib/ruby/gems/2.4.0/gems/test-kitchen-1.19.2/lib/kitchen/instance.rb:498:in `block in action'
E, [2018-01-05T12:34:57.135013 #13021] ERROR -- default-ubuntu: /opt/chefdk/embedded/lib/ruby/2.4.0/benchmark.rb:293:in `measure'
E, [2018-01-05T12:34:57.135022 #13021] ERROR -- default-ubuntu: /opt/chefdk/embedded/lib/ruby/gems/2.4.0/gems/test-kitchen-1.19.2/lib/kitchen/instance.rb:497:in `action'
E, [2018-01-05T12:34:57.135036 #13021] ERROR -- default-ubuntu: /opt/chefdk/embedded/lib/ruby/gems/2.4.0/gems/test-kitchen-1.19.2/lib/kitchen/instance.rb:389:in `converge_action'
E, [2018-01-05T12:34:57.135045 #13021] ERROR -- default-ubuntu: /opt/chefdk/embedded/lib/ruby/gems/2.4.0/gems/test-kitchen-1.19.2/lib/kitchen/instance.rb:368:in `block in transition_to'
E, [2018-01-05T12:34:57.135053 #13021] ERROR -- default-ubuntu: /opt/chefdk/embedded/lib/ruby/gems/2.4.0/gems/test-kitchen-1.19.2/lib/kitchen/instance.rb:367:in `each'
E, [2018-01-05T12:34:57.135062 #13021] ERROR -- default-ubuntu: /opt/chefdk/embedded/lib/ruby/gems/2.4.0/gems/test-kitchen-1.19.2/lib/kitchen/instance.rb:367:in `transition_to'
E, [2018-01-05T12:34:57.135070 #13021] ERROR -- default-ubuntu: /opt/chefdk/embedded/lib/ruby/gems/2.4.0/gems/test-kitchen-1.19.2/lib/kitchen/instance.rb:135:in `converge'
E, [2018-01-05T12:34:57.135078 #13021] ERROR -- default-ubuntu: /opt/chefdk/embedded/lib/ruby/gems/2.4.0/gems/test-kitchen-1.19.2/lib/kitchen/command.rb:197:in `public_send'
E, [2018-01-05T12:34:57.135086 #13021] ERROR -- default-ubuntu: /opt/chefdk/embedded/lib/ruby/gems/2.4.0/gems/test-kitchen-1.19.2/lib/kitchen/command.rb:197:in `run_action_in_thread'
E, [2018-01-05T12:34:57.135094 #13021] ERROR -- default-ubuntu: /opt/chefdk/embedded/lib/ruby/gems/2.4.0/gems/test-kitchen-1.19.2/lib/kitchen/command.rb:169:in `block (2 levels) in run_action'
E, [2018-01-05T12:34:57.135102 #13021] ERROR -- default-ubuntu: ----End Backtrace-----
E, [2018-01-05T12:34:57.135110 #13021] ERROR -- default-ubuntu: ---Nested Exception---
E, [2018-01-05T12:34:57.135119 #13021] ERROR -- default-ubuntu: Class: Kitchen::Transport::SshFailed
E, [2018-01-05T12:34:57.135126 #13021] ERROR -- default-ubuntu: Message: SSH exited (1) for command: [sh -c '
TEST_KITCHEN="1"; export TEST_KITCHEN
sudo -E /opt/chef/bin/chef-client --local-mode --config /tmp/kitchen/client.rb --log_level auto --force-formatter --no-color --json-attributes /tmp/kitchen/dna.json --chef-zero-port 8889 
']
E, [2018-01-05T12:34:57.135135 #13021] ERROR -- default-ubuntu: ----------------------
E, [2018-01-05T12:34:57.135142 #13021] ERROR -- default-ubuntu: ------Backtrace-------
E, [2018-01-05T12:34:57.135150 #13021] ERROR -- default-ubuntu: /opt/chefdk/embedded/lib/ruby/gems/2.4.0/gems/test-kitchen-1.19.2/lib/kitchen/provisioner/base.rb:83:in `rescue in call'
E, [2018-01-05T12:34:57.135158 #13021] ERROR -- default-ubuntu: /opt/chefdk/embedded/lib/ruby/gems/2.4.0/gems/test-kitchen-1.19.2/lib/kitchen/provisioner/base.rb:86:in `call'
E, [2018-01-05T12:34:57.135166 #13021] ERROR -- default-ubuntu: /opt/chefdk/embedded/lib/ruby/gems/2.4.0/gems/test-kitchen-1.19.2/lib/kitchen/instance.rb:393:in `block in converge_action'
E, [2018-01-05T12:34:57.135175 #13021] ERROR -- default-ubuntu: /opt/chefdk/embedded/lib/ruby/gems/2.4.0/gems/test-kitchen-1.19.2/lib/kitchen/instance.rb:536:in `synchronize_or_call'
E, [2018-01-05T12:34:57.135183 #13021] ERROR -- default-ubuntu: /opt/chefdk/embedded/lib/ruby/gems/2.4.0/gems/test-kitchen-1.19.2/lib/kitchen/instance.rb:498:in `block in action'
E, [2018-01-05T12:34:57.135190 #13021] ERROR -- default-ubuntu: /opt/chefdk/embedded/lib/ruby/2.4.0/benchmark.rb:293:in `measure'
E, [2018-01-05T12:34:57.135199 #13021] ERROR -- default-ubuntu: /opt/chefdk/embedded/lib/ruby/gems/2.4.0/gems/test-kitchen-1.19.2/lib/kitchen/instance.rb:497:in `action'
E, [2018-01-05T12:34:57.135206 #13021] ERROR -- default-ubuntu: /opt/chefdk/embedded/lib/ruby/gems/2.4.0/gems/test-kitchen-1.19.2/lib/kitchen/instance.rb:389:in `converge_action'
E, [2018-01-05T12:34:57.135214 #13021] ERROR -- default-ubuntu: /opt/chefdk/embedded/lib/ruby/gems/2.4.0/gems/test-kitchen-1.19.2/lib/kitchen/instance.rb:368:in `block in transition_to'
E, [2018-01-05T12:34:57.135222 #13021] ERROR -- default-ubuntu: /opt/chefdk/embedded/lib/ruby/gems/2.4.0/gems/test-kitchen-1.19.2/lib/kitchen/instance.rb:367:in `each'
E, [2018-01-05T12:34:57.135232 #13021] ERROR -- default-ubuntu: /opt/chefdk/embedded/lib/ruby/gems/2.4.0/gems/test-kitchen-1.19.2/lib/kitchen/instance.rb:367:in `transition_to'
E, [2018-01-05T12:34:57.135241 #13021] ERROR -- default-ubuntu: /opt/chefdk/embedded/lib/ruby/gems/2.4.0/gems/test-kitchen-1.19.2/lib/kitchen/instance.rb:135:in `converge'
E, [2018-01-05T12:34:57.135249 #13021] ERROR -- default-ubuntu: /opt/chefdk/embedded/lib/ruby/gems/2.4.0/gems/test-kitchen-1.19.2/lib/kitchen/command.rb:197:in `public_send'
E, [2018-01-05T12:34:57.135257 #13021] ERROR -- default-ubuntu: /opt/chefdk/embedded/lib/ruby/gems/2.4.0/gems/test-kitchen-1.19.2/lib/kitchen/command.rb:197:in `run_action_in_thread'
E, [2018-01-05T12:34:57.135265 #13021] ERROR -- default-ubuntu: /opt/chefdk/embedded/lib/ruby/gems/2.4.0/gems/test-kitchen-1.19.2/lib/kitchen/command.rb:169:in `block (2 levels) in run_action'
E, [2018-01-05T12:34:57.135286 #13021] ERROR -- default-ubuntu: ----End Backtrace-----
