I, [2018-01-05T12:34:37.010979 #13021]  INFO -- Kitchen: -----> Starting Kitchen (v1.19.2)
I, [2018-01-05T12:34:38.050859 #13021]  INFO -- Kitchen: -----> Converging <default-ubuntu>...
E, [2018-01-05T12:34:57.135977 #13021] ERROR -- Kitchen: ------Exception-------
E, [2018-01-05T12:34:57.136005 #13021] ERROR -- Kitchen: Class: Kitchen::ActionFailed
E, [2018-01-05T12:34:57.136018 #13021] ERROR -- Kitchen: Message: 1 actions failed.
>>>>>>     Converge failed on instance <default-ubuntu>.  Please see .kitchen/logs/default-ubuntu.log for more details
E, [2018-01-05T12:34:57.136027 #13021] ERROR -- Kitchen: ----------------------
E, [2018-01-05T12:34:57.136036 #13021] ERROR -- Kitchen: ------Backtrace-------
E, [2018-01-05T12:34:57.136045 #13021] ERROR -- Kitchen: /opt/chefdk/embedded/lib/ruby/gems/2.4.0/gems/test-kitchen-1.19.2/lib/kitchen/command.rb:183:in `report_errors'
E, [2018-01-05T12:34:57.136054 #13021] ERROR -- Kitchen: /opt/chefdk/embedded/lib/ruby/gems/2.4.0/gems/test-kitchen-1.19.2/lib/kitchen/command.rb:174:in `run_action'
E, [2018-01-05T12:34:57.136063 #13021] ERROR -- Kitchen: /opt/chefdk/embedded/lib/ruby/gems/2.4.0/gems/test-kitchen-1.19.2/lib/kitchen/command/action.rb:36:in `block in call'
E, [2018-01-05T12:34:57.136072 #13021] ERROR -- Kitchen: /opt/chefdk/embedded/lib/ruby/2.4.0/benchmark.rb:293:in `measure'
E, [2018-01-05T12:34:57.136081 #13021] ERROR -- Kitchen: /opt/chefdk/embedded/lib/ruby/gems/2.4.0/gems/test-kitchen-1.19.2/lib/kitchen/command/action.rb:34:in `call'
E, [2018-01-05T12:34:57.136090 #13021] ERROR -- Kitchen: /opt/chefdk/embedded/lib/ruby/gems/2.4.0/gems/test-kitchen-1.19.2/lib/kitchen/cli.rb:52:in `perform'
E, [2018-01-05T12:34:57.136099 #13021] ERROR -- Kitchen: /opt/chefdk/embedded/lib/ruby/gems/2.4.0/gems/test-kitchen-1.19.2/lib/kitchen/cli.rb:193:in `block (2 levels) in <class:CLI>'
E, [2018-01-05T12:34:57.136108 #13021] ERROR -- Kitchen: /opt/chefdk/embedded/lib/ruby/gems/2.4.0/gems/thor-0.19.1/lib/thor/command.rb:27:in `run'
E, [2018-01-05T12:34:57.136117 #13021] ERROR -- Kitchen: /opt/chefdk/embedded/lib/ruby/gems/2.4.0/gems/thor-0.19.1/lib/thor/invocation.rb:126:in `invoke_command'
E, [2018-01-05T12:34:57.136126 #13021] ERROR -- Kitchen: /opt/chefdk/embedded/lib/ruby/gems/2.4.0/gems/thor-0.19.1/lib/thor.rb:359:in `dispatch'
E, [2018-01-05T12:34:57.136135 #13021] ERROR -- Kitchen: /opt/chefdk/embedded/lib/ruby/gems/2.4.0/gems/thor-0.19.1/lib/thor/base.rb:440:in `start'
E, [2018-01-05T12:34:57.136144 #13021] ERROR -- Kitchen: /opt/chefdk/embedded/lib/ruby/gems/2.4.0/gems/test-kitchen-1.19.2/bin/kitchen:13:in `block in <top (required)>'
E, [2018-01-05T12:34:57.136152 #13021] ERROR -- Kitchen: /opt/chefdk/embedded/lib/ruby/gems/2.4.0/gems/test-kitchen-1.19.2/lib/kitchen/errors.rb:171:in `with_friendly_errors'
E, [2018-01-05T12:34:57.136180 #13021] ERROR -- Kitchen: /opt/chefdk/embedded/lib/ruby/gems/2.4.0/gems/test-kitchen-1.19.2/bin/kitchen:13:in `<top (required)>'
E, [2018-01-05T12:34:57.136189 #13021] ERROR -- Kitchen: /opt/chefdk/bin/kitchen:255:in `load'
E, [2018-01-05T12:34:57.136199 #13021] ERROR -- Kitchen: /opt/chefdk/bin/kitchen:255:in `<main>'
E, [2018-01-05T12:34:57.136207 #13021] ERROR -- Kitchen: ----End Backtrace-----
E, [2018-01-05T12:34:57.136216 #13021] ERROR -- Kitchen: -Composite Exception--
E, [2018-01-05T12:34:57.136224 #13021] ERROR -- Kitchen: Class: Kitchen::InstanceFailure
E, [2018-01-05T12:34:57.136232 #13021] ERROR -- Kitchen: Message: Converge failed on instance <default-ubuntu>.  Please see .kitchen/logs/default-ubuntu.log for more details
E, [2018-01-05T12:34:57.136241 #13021] ERROR -- Kitchen: ----------------------
E, [2018-01-05T12:34:57.136249 #13021] ERROR -- Kitchen: ------Backtrace-------
E, [2018-01-05T12:34:57.136258 #13021] ERROR -- Kitchen: /opt/chefdk/embedded/lib/ruby/gems/2.4.0/gems/test-kitchen-1.19.2/lib/kitchen/provisioner/base.rb:83:in `rescue in call'
E, [2018-01-05T12:34:57.136267 #13021] ERROR -- Kitchen: /opt/chefdk/embedded/lib/ruby/gems/2.4.0/gems/test-kitchen-1.19.2/lib/kitchen/provisioner/base.rb:86:in `call'
E, [2018-01-05T12:34:57.136275 #13021] ERROR -- Kitchen: /opt/chefdk/embedded/lib/ruby/gems/2.4.0/gems/test-kitchen-1.19.2/lib/kitchen/instance.rb:393:in `block in converge_action'
E, [2018-01-05T12:34:57.136289 #13021] ERROR -- Kitchen: /opt/chefdk/embedded/lib/ruby/gems/2.4.0/gems/test-kitchen-1.19.2/lib/kitchen/instance.rb:536:in `synchronize_or_call'
E, [2018-01-05T12:34:57.136299 #13021] ERROR -- Kitchen: /opt/chefdk/embedded/lib/ruby/gems/2.4.0/gems/test-kitchen-1.19.2/lib/kitchen/instance.rb:498:in `block in action'
E, [2018-01-05T12:34:57.136308 #13021] ERROR -- Kitchen: /opt/chefdk/embedded/lib/ruby/2.4.0/benchmark.rb:293:in `measure'
E, [2018-01-05T12:34:57.136316 #13021] ERROR -- Kitchen: /opt/chefdk/embedded/lib/ruby/gems/2.4.0/gems/test-kitchen-1.19.2/lib/kitchen/instance.rb:497:in `action'
E, [2018-01-05T12:34:57.136325 #13021] ERROR -- Kitchen: /opt/chefdk/embedded/lib/ruby/gems/2.4.0/gems/test-kitchen-1.19.2/lib/kitchen/instance.rb:389:in `converge_action'
E, [2018-01-05T12:34:57.136334 #13021] ERROR -- Kitchen: /opt/chefdk/embedded/lib/ruby/gems/2.4.0/gems/test-kitchen-1.19.2/lib/kitchen/instance.rb:368:in `block in transition_to'
E, [2018-01-05T12:34:57.136342 #13021] ERROR -- Kitchen: /opt/chefdk/embedded/lib/ruby/gems/2.4.0/gems/test-kitchen-1.19.2/lib/kitchen/instance.rb:367:in `each'
E, [2018-01-05T12:34:57.136351 #13021] ERROR -- Kitchen: /opt/chefdk/embedded/lib/ruby/gems/2.4.0/gems/test-kitchen-1.19.2/lib/kitchen/instance.rb:367:in `transition_to'
E, [2018-01-05T12:34:57.136359 #13021] ERROR -- Kitchen: /opt/chefdk/embedded/lib/ruby/gems/2.4.0/gems/test-kitchen-1.19.2/lib/kitchen/instance.rb:135:in `converge'
E, [2018-01-05T12:34:57.136368 #13021] ERROR -- Kitchen: /opt/chefdk/embedded/lib/ruby/gems/2.4.0/gems/test-kitchen-1.19.2/lib/kitchen/command.rb:197:in `public_send'
E, [2018-01-05T12:34:57.136377 #13021] ERROR -- Kitchen: /opt/chefdk/embedded/lib/ruby/gems/2.4.0/gems/test-kitchen-1.19.2/lib/kitchen/command.rb:197:in `run_action_in_thread'
E, [2018-01-05T12:34:57.136385 #13021] ERROR -- Kitchen: /opt/chefdk/embedded/lib/ruby/gems/2.4.0/gems/test-kitchen-1.19.2/lib/kitchen/command.rb:169:in `block (2 levels) in run_action'
E, [2018-01-05T12:34:57.136394 #13021] ERROR -- Kitchen: ----End Backtrace-----
E, [2018-01-05T12:34:57.136402 #13021] ERROR -- Kitchen: ---Nested Exception---
E, [2018-01-05T12:34:57.136410 #13021] ERROR -- Kitchen: Class: Kitchen::ActionFailed
E, [2018-01-05T12:34:57.136418 #13021] ERROR -- Kitchen: Message: SSH exited (1) for command: [sh -c '
TEST_KITCHEN="1"; export TEST_KITCHEN
sudo -E /opt/chef/bin/chef-client --local-mode --config /tmp/kitchen/client.rb --log_level auto --force-formatter --no-color --json-attributes /tmp/kitchen/dna.json --chef-zero-port 8889 
']
E, [2018-01-05T12:34:57.136427 #13021] ERROR -- Kitchen: ----------------------
E, [2018-01-05T12:34:57.136435 #13021] ERROR -- Kitchen: ------Backtrace-------
E, [2018-01-05T12:34:57.136444 #13021] ERROR -- Kitchen: /opt/chefdk/embedded/lib/ruby/gems/2.4.0/gems/test-kitchen-1.19.2/lib/kitchen/provisioner/base.rb:83:in `rescue in call'
E, [2018-01-05T12:34:57.136452 #13021] ERROR -- Kitchen: /opt/chefdk/embedded/lib/ruby/gems/2.4.0/gems/test-kitchen-1.19.2/lib/kitchen/provisioner/base.rb:86:in `call'
E, [2018-01-05T12:34:57.136461 #13021] ERROR -- Kitchen: /opt/chefdk/embedded/lib/ruby/gems/2.4.0/gems/test-kitchen-1.19.2/lib/kitchen/instance.rb:393:in `block in converge_action'
E, [2018-01-05T12:34:57.136470 #13021] ERROR -- Kitchen: /opt/chefdk/embedded/lib/ruby/gems/2.4.0/gems/test-kitchen-1.19.2/lib/kitchen/instance.rb:536:in `synchronize_or_call'
E, [2018-01-05T12:34:57.136478 #13021] ERROR -- Kitchen: /opt/chefdk/embedded/lib/ruby/gems/2.4.0/gems/test-kitchen-1.19.2/lib/kitchen/instance.rb:498:in `block in action'
E, [2018-01-05T12:34:57.136487 #13021] ERROR -- Kitchen: /opt/chefdk/embedded/lib/ruby/2.4.0/benchmark.rb:293:in `measure'
E, [2018-01-05T12:34:57.136496 #13021] ERROR -- Kitchen: /opt/chefdk/embedded/lib/ruby/gems/2.4.0/gems/test-kitchen-1.19.2/lib/kitchen/instance.rb:497:in `action'
E, [2018-01-05T12:34:57.136504 #13021] ERROR -- Kitchen: /opt/chefdk/embedded/lib/ruby/gems/2.4.0/gems/test-kitchen-1.19.2/lib/kitchen/instance.rb:389:in `converge_action'
E, [2018-01-05T12:34:57.136515 #13021] ERROR -- Kitchen: /opt/chefdk/embedded/lib/ruby/gems/2.4.0/gems/test-kitchen-1.19.2/lib/kitchen/instance.rb:368:in `block in transition_to'
E, [2018-01-05T12:34:57.136525 #13021] ERROR -- Kitchen: /opt/chefdk/embedded/lib/ruby/gems/2.4.0/gems/test-kitchen-1.19.2/lib/kitchen/instance.rb:367:in `each'
E, [2018-01-05T12:34:57.136533 #13021] ERROR -- Kitchen: /opt/chefdk/embedded/lib/ruby/gems/2.4.0/gems/test-kitchen-1.19.2/lib/kitchen/instance.rb:367:in `transition_to'
E, [2018-01-05T12:34:57.136542 #13021] ERROR -- Kitchen: /opt/chefdk/embedded/lib/ruby/gems/2.4.0/gems/test-kitchen-1.19.2/lib/kitchen/instance.rb:135:in `converge'
E, [2018-01-05T12:34:57.136551 #13021] ERROR -- Kitchen: /opt/chefdk/embedded/lib/ruby/gems/2.4.0/gems/test-kitchen-1.19.2/lib/kitchen/command.rb:197:in `public_send'
E, [2018-01-05T12:34:57.136559 #13021] ERROR -- Kitchen: /opt/chefdk/embedded/lib/ruby/gems/2.4.0/gems/test-kitchen-1.19.2/lib/kitchen/command.rb:197:in `run_action_in_thread'
E, [2018-01-05T12:34:57.136568 #13021] ERROR -- Kitchen: /opt/chefdk/embedded/lib/ruby/gems/2.4.0/gems/test-kitchen-1.19.2/lib/kitchen/command.rb:169:in `block (2 levels) in run_action'
E, [2018-01-05T12:34:57.136592 #13021] ERROR -- Kitchen: ----End Backtrace-----
